c:\users\mrcorner\desktop\git\clasethings\tpv\pacman\holasdl\debug\vc120.pdb
c:\users\mrcorner\desktop\git\clasethings\tpv\pacman\holasdl\debug\vc120.idb
c:\users\mrcorner\desktop\git\clasethings\tpv\pacman\holasdl\debug\font.obj
c:\users\mrcorner\desktop\git\clasethings\tpv\pacman\holasdl\debug\gamemap.obj
c:\users\mrcorner\desktop\git\clasethings\tpv\pacman\holasdl\debug\gameobject.obj
c:\users\mrcorner\desktop\git\clasethings\tpv\pacman\holasdl\debug\ghost.obj
c:\users\mrcorner\desktop\git\clasethings\tpv\pacman\holasdl\debug\gamecharacter.obj
c:\users\mrcorner\desktop\git\clasethings\tpv\pacman\holasdl\debug\main.obj
c:\users\mrcorner\desktop\git\clasethings\tpv\pacman\holasdl\debug\pacman.obj
c:\users\mrcorner\desktop\git\clasethings\tpv\pacman\holasdl\debug\smartghost.obj
c:\users\mrcorner\desktop\git\clasethings\tpv\pacman\holasdl\debug\texture.obj
c:\users\mrcorner\desktop\git\clasethings\tpv\pacman\holasdl\debug\game.obj
c:\users\mrcorner\desktop\git\clasethings\tpv\pacman\bin\holasdldebug.ilk
c:\users\mrcorner\desktop\git\clasethings\tpv\pacman\bin\holasdldebug.exe
c:\users\mrcorner\desktop\git\clasethings\tpv\pacman\bin\holasdldebug.pdb
c:\users\mrcorner\desktop\git\clasethings\tpv\pacman\holasdl\debug\holasdl.tlog\cl.command.1.tlog
c:\users\mrcorner\desktop\git\clasethings\tpv\pacman\holasdl\debug\holasdl.tlog\cl.read.1.tlog
c:\users\mrcorner\desktop\git\clasethings\tpv\pacman\holasdl\debug\holasdl.tlog\cl.write.1.tlog
c:\users\mrcorner\desktop\git\clasethings\tpv\pacman\holasdl\debug\holasdl.tlog\link.command.1.tlog
c:\users\mrcorner\desktop\git\clasethings\tpv\pacman\holasdl\debug\holasdl.tlog\link.read.1.tlog
c:\users\mrcorner\desktop\git\clasethings\tpv\pacman\holasdl\debug\holasdl.tlog\link.write.1.tlog
